2020-03-10 20:45:54.669  INFO 1436 --- [restartedMain] com.test.blog.BlogApplication            : Starting BlogApplication on DESKTOP-5G3RRG5 with PID 1436 (D:\code\java\SpringBoot\blog\target\classes started by 23838 in D:\code\java\SpringBoot\blog)
2020-03-10 20:45:54.677 DEBUG 1436 --- [restartedMain] com.test.blog.BlogApplication            : Running with Spring Boot v2.2.2.RELEASE, Spring v5.2.2.RELEASE
2020-03-10 20:45:54.678  INFO 1436 --- [restartedMain] com.test.blog.BlogApplication            : The following profiles are active: dev
2020-03-10 20:45:55.173  INFO 1436 --- [restartedMain] o.s.b.devtools.restart.ChangeableUrls    : The Class-Path manifest attribute in C:\Users\23838\.m2\repository\org\glassfish\jaxb\jaxb-runtime\2.3.2\jaxb-runtime-2.3.2.jar referenced one or more files that do not exist: file:/C:/Users/23838/.m2/repository/org/glassfish/jaxb/jaxb-runtime/2.3.2/jakarta.xml.bind-api-2.3.2.jar,file:/C:/Users/23838/.m2/repository/org/glassfish/jaxb/jaxb-runtime/2.3.2/txw2-2.3.2.jar,file:/C:/Users/23838/.m2/repository/org/glassfish/jaxb/jaxb-runtime/2.3.2/istack-commons-runtime-3.0.8.jar,file:/C:/Users/23838/.m2/repository/org/glassfish/jaxb/jaxb-runtime/2.3.2/stax-ex-1.8.1.jar,file:/C:/Users/23838/.m2/repository/org/glassfish/jaxb/jaxb-runtime/2.3.2/FastInfoset-1.2.16.jar,file:/C:/Users/23838/.m2/repository/org/glassfish/jaxb/jaxb-runtime/2.3.2/jakarta.activation-api-1.2.1.jar
2020-03-10 20:45:55.227  INFO 1436 --- [restartedMain] .e.DevToolsPropertyDefaultsPostProcessor : Devtools property defaults active! Set 'spring.devtools.add-properties' to 'false' to disable
2020-03-10 20:45:55.228  INFO 1436 --- [restartedMain] .e.DevToolsPropertyDefaultsPostProcessor : For additional web related logging consider setting the 'logging.level.web' property to 'DEBUG'
2020-03-10 20:45:56.815  INFO 1436 --- [restartedMain] .s.d.r.c.RepositoryConfigurationDelegate : Bootstrapping Spring Data JPA repositories in DEFAULT mode.
2020-03-10 20:45:56.965  INFO 1436 --- [restartedMain] .s.d.r.c.RepositoryConfigurationDelegate : Finished Spring Data repository scanning in 109ms. Found 3 JPA repository interfaces.
2020-03-10 20:45:57.291  INFO 1436 --- [restartedMain] trationDelegate$BeanPostProcessorChecker : Bean 'org.springframework.transaction.annotation.ProxyTransactionManagementConfiguration' of type [org.springframework.transaction.annotation.ProxyTransactionManagementConfiguration] is not eligible for getting processed by all BeanPostProcessors (for example: not eligible for auto-proxying)
2020-03-10 20:45:57.983  INFO 1436 --- [restartedMain] o.s.b.w.embedded.tomcat.TomcatWebServer  : Tomcat initialized with port(s): 8081 (http)
2020-03-10 20:45:57.991  INFO 1436 --- [restartedMain] o.apache.catalina.core.StandardService   : Starting service [Tomcat]
2020-03-10 20:45:57.992  INFO 1436 --- [restartedMain] org.apache.catalina.core.StandardEngine  : Starting Servlet engine: [Apache Tomcat/9.0.29]
2020-03-10 20:45:58.149  INFO 1436 --- [restartedMain] o.a.c.c.C.[Tomcat].[localhost].[/]       : Initializing Spring embedded WebApplicationContext
2020-03-10 20:45:58.149  INFO 1436 --- [restartedMain] o.s.web.context.ContextLoader            : Root WebApplicationContext: initialization completed in 2920 ms
2020-03-10 20:45:58.366  INFO 1436 --- [restartedMain] com.zaxxer.hikari.HikariDataSource       : HikariPool-1 - Starting...
2020-03-10 20:45:58.723  INFO 1436 --- [restartedMain] com.zaxxer.hikari.HikariDataSource       : HikariPool-1 - Start completed.
2020-03-10 20:45:58.788  INFO 1436 --- [restartedMain] o.hibernate.jpa.internal.util.LogHelper  : HHH000204: Processing PersistenceUnitInfo [name: default]
2020-03-10 20:45:58.903  INFO 1436 --- [restartedMain] org.hibernate.Version                    : HHH000412: Hibernate Core {5.4.9.Final}
2020-03-10 20:45:59.290  INFO 1436 --- [restartedMain] o.hibernate.annotations.common.Version   : HCANN000001: Hibernate Commons Annotations {5.1.0.Final}
2020-03-10 20:45:59.418  INFO 1436 --- [restartedMain] org.hibernate.dialect.Dialect            : HHH000400: Using dialect: org.hibernate.dialect.MySQL55Dialect
2020-03-10 20:46:00.341  INFO 1436 --- [restartedMain] o.h.e.t.j.p.i.JtaPlatformInitiator       : HHH000490: Using JtaPlatform implementation: [org.hibernate.engine.transaction.jta.platform.internal.NoJtaPlatform]
2020-03-10 20:46:00.360  INFO 1436 --- [restartedMain] j.LocalContainerEntityManagerFactoryBean : Initialized JPA EntityManagerFactory for persistence unit 'default'
2020-03-10 20:46:01.211  WARN 1436 --- [restartedMain] JpaBaseConfiguration$JpaWebConfiguration : spring.jpa.open-in-view is enabled by default. Therefore, database queries may be performed during view rendering. Explicitly configure spring.jpa.open-in-view to disable this warning
2020-03-10 20:46:02.078  INFO 1436 --- [restartedMain] o.s.s.concurrent.ThreadPoolTaskExecutor  : Initializing ExecutorService 'applicationTaskExecutor'
2020-03-10 20:46:02.237  INFO 1436 --- [restartedMain] o.s.b.a.w.s.WelcomePageHandlerMapping    : Adding welcome page template: index
2020-03-10 20:46:03.002  INFO 1436 --- [restartedMain] o.s.b.d.a.OptionalLiveReloadServer       : LiveReload server is running on port 35729
2020-03-10 20:46:03.077  INFO 1436 --- [restartedMain] o.s.b.w.embedded.tomcat.TomcatWebServer  : Tomcat started on port(s): 8081 (http) with context path ''
2020-03-10 20:46:03.101  INFO 1436 --- [restartedMain] com.test.blog.BlogApplication            : Started BlogApplication in 9.321 seconds (JVM running for 13.067)
2020-03-10 20:46:12.722  INFO 1436 --- [http-nio-8081-exec-2] o.a.c.c.C.[Tomcat].[localhost].[/]       : Initializing Spring DispatcherServlet 'dispatcherServlet'
2020-03-10 20:46:12.723  INFO 1436 --- [http-nio-8081-exec-2] o.s.web.servlet.DispatcherServlet        : Initializing Servlet 'dispatcherServlet'
2020-03-10 20:46:12.751  INFO 1436 --- [http-nio-8081-exec-2] o.s.web.servlet.DispatcherServlet        : Completed initialization in 28 ms
2020-03-10 20:46:13.580  INFO 1436 --- [http-nio-8081-exec-2] com.test.blog.aspect.LogAspect           : Request IP:0:0:0:0:0:0:0:1
2020-03-10 20:46:13.580  INFO 1436 --- [http-nio-8081-exec-2] com.test.blog.aspect.LogAspect           : Request : RequestLog{url='http://localhost:8081/', ip='0:0:0:0:0:0:0:1', classMethod='com.test.blog.controller.IndexController.index', args=[Page request [number: 0, size 8, sort: updateTime: DESC], {}]}
2020-03-10 20:46:13.629 DEBUG 1436 --- [http-nio-8081-exec-2] c.t.blog.mapper.BlogMapper.listAllBlogs  : ==>  Preparing: select * from t_blog 
2020-03-10 20:46:13.662 DEBUG 1436 --- [http-nio-8081-exec-2] c.t.blog.mapper.BlogMapper.listAllBlogs  : ==> Parameters: 
2020-03-10 20:46:14.063 DEBUG 1436 --- [http-nio-8081-exec-2] c.t.blog.mapper.BlogMapper.listAllBlogs  : <==      Total: 4
2020-03-10 20:46:14.064 DEBUG 1436 --- [http-nio-8081-exec-2] c.t.blog.mapper.UserMapper.getUserById   : ==>  Preparing: select id,avatar,nickname from t_user where id=? 
2020-03-10 20:46:14.065 DEBUG 1436 --- [http-nio-8081-exec-2] c.t.blog.mapper.UserMapper.getUserById   : ==> Parameters: 1(Long)
2020-03-10 20:46:14.075 DEBUG 1436 --- [http-nio-8081-exec-2] c.t.blog.mapper.UserMapper.getUserById   : <==      Total: 1
2020-03-10 20:46:14.076 DEBUG 1436 --- [http-nio-8081-exec-2] com.test.blog.mapper.TypeMapper.getType  : ==>  Preparing: select * from t_type where id =? 
2020-03-10 20:46:14.076 DEBUG 1436 --- [http-nio-8081-exec-2] com.test.blog.mapper.TypeMapper.getType  : ==> Parameters: 4(Long)
2020-03-10 20:46:14.086 DEBUG 1436 --- [http-nio-8081-exec-2] com.test.blog.mapper.TypeMapper.getType  : <==      Total: 1
2020-03-10 20:46:14.087 DEBUG 1436 --- [http-nio-8081-exec-2] c.t.b.m.TagMapper.getBlogTagsWithBlogId  : ==>  Preparing: select tags_id from t_blog_tags where blogs_id=? 
2020-03-10 20:46:14.087 DEBUG 1436 --- [http-nio-8081-exec-2] c.t.b.m.TagMapper.getBlogTagsWithBlogId  : ==> Parameters: 12(Long)
2020-03-10 20:46:14.098 DEBUG 1436 --- [http-nio-8081-exec-2] c.t.b.m.TagMapper.getBlogTagsWithBlogId  : <==      Total: 1
2020-03-10 20:46:14.099 DEBUG 1436 --- [http-nio-8081-exec-2] com.test.blog.mapper.TagMapper.getTag    : ==>  Preparing: select * from t_tag where id=? 
2020-03-10 20:46:14.099 DEBUG 1436 --- [http-nio-8081-exec-2] com.test.blog.mapper.TagMapper.getTag    : ==> Parameters: 3(Long)
2020-03-10 20:46:14.109 DEBUG 1436 --- [http-nio-8081-exec-2] com.test.blog.mapper.TagMapper.getTag    : <==      Total: 1
2020-03-10 20:46:14.109 DEBUG 1436 --- [http-nio-8081-exec-2] c.t.blog.mapper.UserMapper.getUserById   : ==>  Preparing: select id,avatar,nickname from t_user where id=? 
2020-03-10 20:46:14.110 DEBUG 1436 --- [http-nio-8081-exec-2] c.t.blog.mapper.UserMapper.getUserById   : ==> Parameters: 1(Long)
2020-03-10 20:46:14.120 DEBUG 1436 --- [http-nio-8081-exec-2] c.t.blog.mapper.UserMapper.getUserById   : <==      Total: 1
2020-03-10 20:46:14.121 DEBUG 1436 --- [http-nio-8081-exec-2] com.test.blog.mapper.TypeMapper.getType  : ==>  Preparing: select * from t_type where id =? 
2020-03-10 20:46:14.121 DEBUG 1436 --- [http-nio-8081-exec-2] com.test.blog.mapper.TypeMapper.getType  : ==> Parameters: 5(Long)
2020-03-10 20:46:14.131 DEBUG 1436 --- [http-nio-8081-exec-2] com.test.blog.mapper.TypeMapper.getType  : <==      Total: 1
2020-03-10 20:46:14.132 DEBUG 1436 --- [http-nio-8081-exec-2] c.t.b.m.TagMapper.getBlogTagsWithBlogId  : ==>  Preparing: select tags_id from t_blog_tags where blogs_id=? 
2020-03-10 20:46:14.133 DEBUG 1436 --- [http-nio-8081-exec-2] c.t.b.m.TagMapper.getBlogTagsWithBlogId  : ==> Parameters: 13(Long)
2020-03-10 20:46:14.142 DEBUG 1436 --- [http-nio-8081-exec-2] c.t.b.m.TagMapper.getBlogTagsWithBlogId  : <==      Total: 3
2020-03-10 20:46:14.143 DEBUG 1436 --- [http-nio-8081-exec-2] com.test.blog.mapper.TagMapper.getTag    : ==>  Preparing: select * from t_tag where id=? 
2020-03-10 20:46:14.143 DEBUG 1436 --- [http-nio-8081-exec-2] com.test.blog.mapper.TagMapper.getTag    : ==> Parameters: 1(Long)
2020-03-10 20:46:14.153 DEBUG 1436 --- [http-nio-8081-exec-2] com.test.blog.mapper.TagMapper.getTag    : <==      Total: 1
2020-03-10 20:46:14.154 DEBUG 1436 --- [http-nio-8081-exec-2] com.test.blog.mapper.TagMapper.getTag    : ==>  Preparing: select * from t_tag where id=? 
2020-03-10 20:46:14.154 DEBUG 1436 --- [http-nio-8081-exec-2] com.test.blog.mapper.TagMapper.getTag    : ==> Parameters: 3(Long)
2020-03-10 20:46:14.164 DEBUG 1436 --- [http-nio-8081-exec-2] com.test.blog.mapper.TagMapper.getTag    : <==      Total: 1
2020-03-10 20:46:14.164 DEBUG 1436 --- [http-nio-8081-exec-2] com.test.blog.mapper.TagMapper.getTag    : ==>  Preparing: select * from t_tag where id=? 
2020-03-10 20:46:14.164 DEBUG 1436 --- [http-nio-8081-exec-2] com.test.blog.mapper.TagMapper.getTag    : ==> Parameters: 5(Long)
2020-03-10 20:46:14.174 DEBUG 1436 --- [http-nio-8081-exec-2] com.test.blog.mapper.TagMapper.getTag    : <==      Total: 1
2020-03-10 20:46:14.175 DEBUG 1436 --- [http-nio-8081-exec-2] c.t.blog.mapper.UserMapper.getUserById   : ==>  Preparing: select id,avatar,nickname from t_user where id=? 
2020-03-10 20:46:14.175 DEBUG 1436 --- [http-nio-8081-exec-2] c.t.blog.mapper.UserMapper.getUserById   : ==> Parameters: 1(Long)
2020-03-10 20:46:14.185 DEBUG 1436 --- [http-nio-8081-exec-2] c.t.blog.mapper.UserMapper.getUserById   : <==      Total: 1
2020-03-10 20:46:14.185 DEBUG 1436 --- [http-nio-8081-exec-2] com.test.blog.mapper.TypeMapper.getType  : ==>  Preparing: select * from t_type where id =? 
2020-03-10 20:46:14.186 DEBUG 1436 --- [http-nio-8081-exec-2] com.test.blog.mapper.TypeMapper.getType  : ==> Parameters: 5(Long)
2020-03-10 20:46:14.203 DEBUG 1436 --- [http-nio-8081-exec-2] com.test.blog.mapper.TypeMapper.getType  : <==      Total: 1
2020-03-10 20:46:14.204 DEBUG 1436 --- [http-nio-8081-exec-2] c.t.b.m.TagMapper.getBlogTagsWithBlogId  : ==>  Preparing: select tags_id from t_blog_tags where blogs_id=? 
2020-03-10 20:46:14.204 DEBUG 1436 --- [http-nio-8081-exec-2] c.t.b.m.TagMapper.getBlogTagsWithBlogId  : ==> Parameters: 15(Long)
2020-03-10 20:46:14.214 DEBUG 1436 --- [http-nio-8081-exec-2] c.t.b.m.TagMapper.getBlogTagsWithBlogId  : <==      Total: 3
2020-03-10 20:46:14.215 DEBUG 1436 --- [http-nio-8081-exec-2] com.test.blog.mapper.TagMapper.getTag    : ==>  Preparing: select * from t_tag where id=? 
2020-03-10 20:46:14.215 DEBUG 1436 --- [http-nio-8081-exec-2] com.test.blog.mapper.TagMapper.getTag    : ==> Parameters: 1(Long)
2020-03-10 20:46:14.227 DEBUG 1436 --- [http-nio-8081-exec-2] com.test.blog.mapper.TagMapper.getTag    : <==      Total: 1
2020-03-10 20:46:14.228 DEBUG 1436 --- [http-nio-8081-exec-2] com.test.blog.mapper.TagMapper.getTag    : ==>  Preparing: select * from t_tag where id=? 
2020-03-10 20:46:14.229 DEBUG 1436 --- [http-nio-8081-exec-2] com.test.blog.mapper.TagMapper.getTag    : ==> Parameters: 4(Long)
2020-03-10 20:46:14.240 DEBUG 1436 --- [http-nio-8081-exec-2] com.test.blog.mapper.TagMapper.getTag    : <==      Total: 1
2020-03-10 20:46:14.241 DEBUG 1436 --- [http-nio-8081-exec-2] com.test.blog.mapper.TagMapper.getTag    : ==>  Preparing: select * from t_tag where id=? 
2020-03-10 20:46:14.241 DEBUG 1436 --- [http-nio-8081-exec-2] com.test.blog.mapper.TagMapper.getTag    : ==> Parameters: 5(Long)
2020-03-10 20:46:14.251 DEBUG 1436 --- [http-nio-8081-exec-2] com.test.blog.mapper.TagMapper.getTag    : <==      Total: 1
2020-03-10 20:46:14.252 DEBUG 1436 --- [http-nio-8081-exec-2] c.t.blog.mapper.UserMapper.getUserById   : ==>  Preparing: select id,avatar,nickname from t_user where id=? 
2020-03-10 20:46:14.252 DEBUG 1436 --- [http-nio-8081-exec-2] c.t.blog.mapper.UserMapper.getUserById   : ==> Parameters: 1(Long)
2020-03-10 20:46:14.262 DEBUG 1436 --- [http-nio-8081-exec-2] c.t.blog.mapper.UserMapper.getUserById   : <==      Total: 1
2020-03-10 20:46:14.263 DEBUG 1436 --- [http-nio-8081-exec-2] com.test.blog.mapper.TypeMapper.getType  : ==>  Preparing: select * from t_type where id =? 
2020-03-10 20:46:14.263 DEBUG 1436 --- [http-nio-8081-exec-2] com.test.blog.mapper.TypeMapper.getType  : ==> Parameters: 5(Long)
2020-03-10 20:46:14.273 DEBUG 1436 --- [http-nio-8081-exec-2] com.test.blog.mapper.TypeMapper.getType  : <==      Total: 1
2020-03-10 20:46:14.274 DEBUG 1436 --- [http-nio-8081-exec-2] c.t.b.m.TagMapper.getBlogTagsWithBlogId  : ==>  Preparing: select tags_id from t_blog_tags where blogs_id=? 
2020-03-10 20:46:14.274 DEBUG 1436 --- [http-nio-8081-exec-2] c.t.b.m.TagMapper.getBlogTagsWithBlogId  : ==> Parameters: 16(Long)
2020-03-10 20:46:14.284 DEBUG 1436 --- [http-nio-8081-exec-2] c.t.b.m.TagMapper.getBlogTagsWithBlogId  : <==      Total: 3
2020-03-10 20:46:14.284 DEBUG 1436 --- [http-nio-8081-exec-2] com.test.blog.mapper.TagMapper.getTag    : ==>  Preparing: select * from t_tag where id=? 
2020-03-10 20:46:14.285 DEBUG 1436 --- [http-nio-8081-exec-2] com.test.blog.mapper.TagMapper.getTag    : ==> Parameters: 1(Long)
2020-03-10 20:46:14.294 DEBUG 1436 --- [http-nio-8081-exec-2] com.test.blog.mapper.TagMapper.getTag    : <==      Total: 1
2020-03-10 20:46:14.295 DEBUG 1436 --- [http-nio-8081-exec-2] com.test.blog.mapper.TagMapper.getTag    : ==>  Preparing: select * from t_tag where id=? 
2020-03-10 20:46:14.295 DEBUG 1436 --- [http-nio-8081-exec-2] com.test.blog.mapper.TagMapper.getTag    : ==> Parameters: 5(Long)
2020-03-10 20:46:14.306 DEBUG 1436 --- [http-nio-8081-exec-2] com.test.blog.mapper.TagMapper.getTag    : <==      Total: 1
2020-03-10 20:46:14.306 DEBUG 1436 --- [http-nio-8081-exec-2] com.test.blog.mapper.TagMapper.getTag    : ==>  Preparing: select * from t_tag where id=? 
2020-03-10 20:46:14.306 DEBUG 1436 --- [http-nio-8081-exec-2] com.test.blog.mapper.TagMapper.getTag    : ==> Parameters: 7(Long)
2020-03-10 20:46:14.316 DEBUG 1436 --- [http-nio-8081-exec-2] com.test.blog.mapper.TagMapper.getTag    : <==      Total: 1
2020-03-10 20:46:14.344 DEBUG 1436 --- [http-nio-8081-exec-2] com.test.blog.mapper.TypeMapper.findTop  : ==>  Preparing: SELECT DISTINCT t.id ,r.c ,t.name from t_type t,(select type_id tid,count(id) c from t_blog GROUP BY type_id HAVING c>=1 ORDER BY c desc) r where r.tid =t.id limit 6 
2020-03-10 20:46:14.344 DEBUG 1436 --- [http-nio-8081-exec-2] com.test.blog.mapper.TypeMapper.findTop  : ==> Parameters: 
2020-03-10 20:46:14.355 DEBUG 1436 --- [http-nio-8081-exec-2] com.test.blog.mapper.TypeMapper.findTop  : <==      Total: 2
2020-03-10 20:46:14.356 DEBUG 1436 --- [http-nio-8081-exec-2] c.test.blog.mapper.BlogMapper.listBlog   : ==>  Preparing: select * from t_blog blog,t_type type where blog.type_id =type.id and 4=type.id and 1 =1 
2020-03-10 20:46:14.357 DEBUG 1436 --- [http-nio-8081-exec-2] c.test.blog.mapper.BlogMapper.listBlog   : ==> Parameters: 
2020-03-10 20:46:14.368 DEBUG 1436 --- [http-nio-8081-exec-2] c.test.blog.mapper.BlogMapper.listBlog   : <==      Total: 1
2020-03-10 20:46:14.368 DEBUG 1436 --- [http-nio-8081-exec-2] c.test.blog.mapper.BlogMapper.listBlog   : ==>  Preparing: select * from t_blog blog,t_type type where blog.type_id =type.id and 5=type.id and 1 =1 
2020-03-10 20:46:14.368 DEBUG 1436 --- [http-nio-8081-exec-2] c.test.blog.mapper.BlogMapper.listBlog   : ==> Parameters: 
2020-03-10 20:46:15.045 DEBUG 1436 --- [http-nio-8081-exec-2] c.test.blog.mapper.BlogMapper.listBlog   : <==      Total: 3
2020-03-10 20:46:15.045 DEBUG 1436 --- [http-nio-8081-exec-2] c.test.blog.mapper.TagMapper.listTagTop  : ==>  Preparing: select t.id,r.c, t.name from t_tag t,(select tags_id tid,count(blogs_id) c from t_blog_tags GROUP BY tags_id DESC) r where r.tid = t.id limit 10 
2020-03-10 20:46:15.046 DEBUG 1436 --- [http-nio-8081-exec-2] c.test.blog.mapper.TagMapper.listTagTop  : ==> Parameters: 
2020-03-10 20:46:15.074 DEBUG 1436 --- [http-nio-8081-exec-2] c.test.blog.mapper.TagMapper.listTagTop  : <==      Total: 5
2020-03-10 20:46:15.075 DEBUG 1436 --- [http-nio-8081-exec-2] c.t.b.mapper.BlogMapper.listBlogByTagId  : ==>  Preparing: select * from t_blog WHERE id in (select bt.blogs_id from t_blog_tags bt where bt.tags_id =?) 
2020-03-10 20:46:15.075 DEBUG 1436 --- [http-nio-8081-exec-2] c.t.b.mapper.BlogMapper.listBlogByTagId  : ==> Parameters: 1(Long)
2020-03-10 20:46:16.241 DEBUG 1436 --- [http-nio-8081-exec-2] c.t.b.mapper.BlogMapper.listBlogByTagId  : <==      Total: 3
2020-03-10 20:46:16.242 DEBUG 1436 --- [http-nio-8081-exec-2] com.test.blog.mapper.TypeMapper.getType  : ==>  Preparing: select * from t_type where id =? 
2020-03-10 20:46:16.242 DEBUG 1436 --- [http-nio-8081-exec-2] com.test.blog.mapper.TypeMapper.getType  : ==> Parameters: 5(Long)
2020-03-10 20:46:16.252 DEBUG 1436 --- [http-nio-8081-exec-2] com.test.blog.mapper.TypeMapper.getType  : <==      Total: 1
2020-03-10 20:46:16.253 DEBUG 1436 --- [http-nio-8081-exec-2] com.test.blog.mapper.TypeMapper.getType  : ==>  Preparing: select * from t_type where id =? 
2020-03-10 20:46:16.253 DEBUG 1436 --- [http-nio-8081-exec-2] com.test.blog.mapper.TypeMapper.getType  : ==> Parameters: 5(Long)
2020-03-10 20:46:16.263 DEBUG 1436 --- [http-nio-8081-exec-2] com.test.blog.mapper.TypeMapper.getType  : <==      Total: 1
2020-03-10 20:46:16.263 DEBUG 1436 --- [http-nio-8081-exec-2] com.test.blog.mapper.TypeMapper.getType  : ==>  Preparing: select * from t_type where id =? 
2020-03-10 20:46:16.263 DEBUG 1436 --- [http-nio-8081-exec-2] com.test.blog.mapper.TypeMapper.getType  : ==> Parameters: 5(Long)
2020-03-10 20:46:16.273 DEBUG 1436 --- [http-nio-8081-exec-2] com.test.blog.mapper.TypeMapper.getType  : <==      Total: 1
2020-03-10 20:46:16.273 DEBUG 1436 --- [http-nio-8081-exec-2] c.t.b.mapper.BlogMapper.listBlogByTagId  : ==>  Preparing: select * from t_blog WHERE id in (select bt.blogs_id from t_blog_tags bt where bt.tags_id =?) 
2020-03-10 20:46:16.274 DEBUG 1436 --- [http-nio-8081-exec-2] c.t.b.mapper.BlogMapper.listBlogByTagId  : ==> Parameters: 3(Long)
2020-03-10 20:46:16.585  INFO 1436 --- [http-nio-8081-exec-1] com.test.blog.aspect.LogAspect           : Request IP:0:0:0:0:0:0:0:1
2020-03-10 20:46:16.586  INFO 1436 --- [http-nio-8081-exec-1] com.test.blog.aspect.LogAspect           : Request : RequestLog{url='http://localhost:8081/', ip='0:0:0:0:0:0:0:1', classMethod='com.test.blog.controller.IndexController.index', args=[Page request [number: 0, size 8, sort: updateTime: DESC], {}]}
2020-03-10 20:46:16.597 DEBUG 1436 --- [http-nio-8081-exec-1] c.t.blog.mapper.BlogMapper.listAllBlogs  : ==>  Preparing: select * from t_blog 
2020-03-10 20:46:16.597 DEBUG 1436 --- [http-nio-8081-exec-1] c.t.blog.mapper.BlogMapper.listAllBlogs  : ==> Parameters: 
2020-03-10 20:46:17.138 DEBUG 1436 --- [http-nio-8081-exec-2] c.t.b.mapper.BlogMapper.listBlogByTagId  : <==      Total: 2
2020-03-10 20:46:17.139 DEBUG 1436 --- [http-nio-8081-exec-2] com.test.blog.mapper.TypeMapper.getType  : ==>  Preparing: select * from t_type where id =? 
2020-03-10 20:46:17.139 DEBUG 1436 --- [http-nio-8081-exec-2] com.test.blog.mapper.TypeMapper.getType  : ==> Parameters: 4(Long)
2020-03-10 20:46:17.149 DEBUG 1436 --- [http-nio-8081-exec-2] com.test.blog.mapper.TypeMapper.getType  : <==      Total: 1
2020-03-10 20:46:17.149 DEBUG 1436 --- [http-nio-8081-exec-2] com.test.blog.mapper.TypeMapper.getType  : ==>  Preparing: select * from t_type where id =? 
2020-03-10 20:46:17.149 DEBUG 1436 --- [http-nio-8081-exec-2] com.test.blog.mapper.TypeMapper.getType  : ==> Parameters: 5(Long)
2020-03-10 20:46:17.159 DEBUG 1436 --- [http-nio-8081-exec-2] com.test.blog.mapper.TypeMapper.getType  : <==      Total: 1
2020-03-10 20:46:17.159 DEBUG 1436 --- [http-nio-8081-exec-2] c.t.b.mapper.BlogMapper.listBlogByTagId  : ==>  Preparing: select * from t_blog WHERE id in (select bt.blogs_id from t_blog_tags bt where bt.tags_id =?) 
2020-03-10 20:46:17.160 DEBUG 1436 --- [http-nio-8081-exec-2] c.t.b.mapper.BlogMapper.listBlogByTagId  : ==> Parameters: 4(Long)
2020-03-10 20:46:18.427 DEBUG 1436 --- [http-nio-8081-exec-2] c.t.b.mapper.BlogMapper.listBlogByTagId  : <==      Total: 1
2020-03-10 20:46:18.427 DEBUG 1436 --- [http-nio-8081-exec-2] com.test.blog.mapper.TypeMapper.getType  : ==>  Preparing: select * from t_type where id =? 
2020-03-10 20:46:18.428 DEBUG 1436 --- [http-nio-8081-exec-2] com.test.blog.mapper.TypeMapper.getType  : ==> Parameters: 5(Long)
2020-03-10 20:46:18.438 DEBUG 1436 --- [http-nio-8081-exec-1] c.t.blog.mapper.BlogMapper.listAllBlogs  : <==      Total: 4
2020-03-10 20:46:18.438 DEBUG 1436 --- [http-nio-8081-exec-2] com.test.blog.mapper.TypeMapper.getType  : <==      Total: 1
2020-03-10 20:46:18.438 DEBUG 1436 --- [http-nio-8081-exec-1] c.t.blog.mapper.UserMapper.getUserById   : ==>  Preparing: select id,avatar,nickname from t_user where id=? 
2020-03-10 20:46:18.438 DEBUG 1436 --- [http-nio-8081-exec-2] c.t.b.mapper.BlogMapper.listBlogByTagId  : ==>  Preparing: select * from t_blog WHERE id in (select bt.blogs_id from t_blog_tags bt where bt.tags_id =?) 
2020-03-10 20:46:18.438 DEBUG 1436 --- [http-nio-8081-exec-2] c.t.b.mapper.BlogMapper.listBlogByTagId  : ==> Parameters: 5(Long)
2020-03-10 20:46:18.438 DEBUG 1436 --- [http-nio-8081-exec-1] c.t.blog.mapper.UserMapper.getUserById   : ==> Parameters: 1(Long)
2020-03-10 20:46:18.448 DEBUG 1436 --- [http-nio-8081-exec-1] c.t.blog.mapper.UserMapper.getUserById   : <==      Total: 1
2020-03-10 20:46:18.449 DEBUG 1436 --- [http-nio-8081-exec-1] com.test.blog.mapper.TypeMapper.getType  : ==>  Preparing: select * from t_type where id =? 
2020-03-10 20:46:18.449 DEBUG 1436 --- [http-nio-8081-exec-1] com.test.blog.mapper.TypeMapper.getType  : ==> Parameters: 4(Long)
2020-03-10 20:46:18.459 DEBUG 1436 --- [http-nio-8081-exec-1] com.test.blog.mapper.TypeMapper.getType  : <==      Total: 1
2020-03-10 20:46:18.459 DEBUG 1436 --- [http-nio-8081-exec-1] c.t.b.m.TagMapper.getBlogTagsWithBlogId  : ==>  Preparing: select tags_id from t_blog_tags where blogs_id=? 
2020-03-10 20:46:18.459 DEBUG 1436 --- [http-nio-8081-exec-1] c.t.b.m.TagMapper.getBlogTagsWithBlogId  : ==> Parameters: 12(Long)
2020-03-10 20:46:18.469 DEBUG 1436 --- [http-nio-8081-exec-1] c.t.b.m.TagMapper.getBlogTagsWithBlogId  : <==      Total: 1
2020-03-10 20:46:18.470 DEBUG 1436 --- [http-nio-8081-exec-1] com.test.blog.mapper.TagMapper.getTag    : ==>  Preparing: select * from t_tag where id=? 
2020-03-10 20:46:18.470 DEBUG 1436 --- [http-nio-8081-exec-1] com.test.blog.mapper.TagMapper.getTag    : ==> Parameters: 3(Long)
2020-03-10 20:46:18.479 DEBUG 1436 --- [http-nio-8081-exec-1] com.test.blog.mapper.TagMapper.getTag    : <==      Total: 1
2020-03-10 20:46:18.480 DEBUG 1436 --- [http-nio-8081-exec-1] c.t.blog.mapper.UserMapper.getUserById   : ==>  Preparing: select id,avatar,nickname from t_user where id=? 
2020-03-10 20:46:18.480 DEBUG 1436 --- [http-nio-8081-exec-1] c.t.blog.mapper.UserMapper.getUserById   : ==> Parameters: 1(Long)
2020-03-10 20:46:18.490 DEBUG 1436 --- [http-nio-8081-exec-1] c.t.blog.mapper.UserMapper.getUserById   : <==      Total: 1
2020-03-10 20:46:18.490 DEBUG 1436 --- [http-nio-8081-exec-1] com.test.blog.mapper.TypeMapper.getType  : ==>  Preparing: select * from t_type where id =? 
2020-03-10 20:46:18.490 DEBUG 1436 --- [http-nio-8081-exec-1] com.test.blog.mapper.TypeMapper.getType  : ==> Parameters: 5(Long)
2020-03-10 20:46:18.500 DEBUG 1436 --- [http-nio-8081-exec-1] com.test.blog.mapper.TypeMapper.getType  : <==      Total: 1
2020-03-10 20:46:18.501 DEBUG 1436 --- [http-nio-8081-exec-1] c.t.b.m.TagMapper.getBlogTagsWithBlogId  : ==>  Preparing: select tags_id from t_blog_tags where blogs_id=? 
2020-03-10 20:46:18.501 DEBUG 1436 --- [http-nio-8081-exec-1] c.t.b.m.TagMapper.getBlogTagsWithBlogId  : ==> Parameters: 13(Long)
2020-03-10 20:46:18.511 DEBUG 1436 --- [http-nio-8081-exec-1] c.t.b.m.TagMapper.getBlogTagsWithBlogId  : <==      Total: 3
2020-03-10 20:46:18.512 DEBUG 1436 --- [http-nio-8081-exec-1] com.test.blog.mapper.TagMapper.getTag    : ==>  Preparing: select * from t_tag where id=? 
2020-03-10 20:46:18.512 DEBUG 1436 --- [http-nio-8081-exec-1] com.test.blog.mapper.TagMapper.getTag    : ==> Parameters: 1(Long)
2020-03-10 20:46:18.523 DEBUG 1436 --- [http-nio-8081-exec-1] com.test.blog.mapper.TagMapper.getTag    : <==      Total: 1
2020-03-10 20:46:18.523 DEBUG 1436 --- [http-nio-8081-exec-1] com.test.blog.mapper.TagMapper.getTag    : ==>  Preparing: select * from t_tag where id=? 
2020-03-10 20:46:18.523 DEBUG 1436 --- [http-nio-8081-exec-1] com.test.blog.mapper.TagMapper.getTag    : ==> Parameters: 3(Long)
2020-03-10 20:46:18.533 DEBUG 1436 --- [http-nio-8081-exec-1] com.test.blog.mapper.TagMapper.getTag    : <==      Total: 1
2020-03-10 20:46:18.534 DEBUG 1436 --- [http-nio-8081-exec-1] com.test.blog.mapper.TagMapper.getTag    : ==>  Preparing: select * from t_tag where id=? 
2020-03-10 20:46:18.534 DEBUG 1436 --- [http-nio-8081-exec-1] com.test.blog.mapper.TagMapper.getTag    : ==> Parameters: 5(Long)
2020-03-10 20:46:18.544 DEBUG 1436 --- [http-nio-8081-exec-1] com.test.blog.mapper.TagMapper.getTag    : <==      Total: 1
2020-03-10 20:46:18.544 DEBUG 1436 --- [http-nio-8081-exec-1] c.t.blog.mapper.UserMapper.getUserById   : ==>  Preparing: select id,avatar,nickname from t_user where id=? 
2020-03-10 20:46:18.544 DEBUG 1436 --- [http-nio-8081-exec-1] c.t.blog.mapper.UserMapper.getUserById   : ==> Parameters: 1(Long)
2020-03-10 20:46:18.554 DEBUG 1436 --- [http-nio-8081-exec-1] c.t.blog.mapper.UserMapper.getUserById   : <==      Total: 1
2020-03-10 20:46:18.554 DEBUG 1436 --- [http-nio-8081-exec-1] com.test.blog.mapper.TypeMapper.getType  : ==>  Preparing: select * from t_type where id =? 
2020-03-10 20:46:18.555 DEBUG 1436 --- [http-nio-8081-exec-1] com.test.blog.mapper.TypeMapper.getType  : ==> Parameters: 5(Long)
2020-03-10 20:46:18.565 DEBUG 1436 --- [http-nio-8081-exec-1] com.test.blog.mapper.TypeMapper.getType  : <==      Total: 1
2020-03-10 20:46:18.565 DEBUG 1436 --- [http-nio-8081-exec-1] c.t.b.m.TagMapper.getBlogTagsWithBlogId  : ==>  Preparing: select tags_id from t_blog_tags where blogs_id=? 
2020-03-10 20:46:18.566 DEBUG 1436 --- [http-nio-8081-exec-1] c.t.b.m.TagMapper.getBlogTagsWithBlogId  : ==> Parameters: 15(Long)
2020-03-10 20:46:18.576 DEBUG 1436 --- [http-nio-8081-exec-1] c.t.b.m.TagMapper.getBlogTagsWithBlogId  : <==      Total: 3
2020-03-10 20:46:18.576 DEBUG 1436 --- [http-nio-8081-exec-1] com.test.blog.mapper.TagMapper.getTag    : ==>  Preparing: select * from t_tag where id=? 
2020-03-10 20:46:18.576 DEBUG 1436 --- [http-nio-8081-exec-1] com.test.blog.mapper.TagMapper.getTag    : ==> Parameters: 1(Long)
2020-03-10 20:46:18.586 DEBUG 1436 --- [http-nio-8081-exec-1] com.test.blog.mapper.TagMapper.getTag    : <==      Total: 1
2020-03-10 20:46:18.587 DEBUG 1436 --- [http-nio-8081-exec-1] com.test.blog.mapper.TagMapper.getTag    : ==>  Preparing: select * from t_tag where id=? 
2020-03-10 20:46:18.587 DEBUG 1436 --- [http-nio-8081-exec-1] com.test.blog.mapper.TagMapper.getTag    : ==> Parameters: 4(Long)
2020-03-10 20:46:18.596 DEBUG 1436 --- [http-nio-8081-exec-1] com.test.blog.mapper.TagMapper.getTag    : <==      Total: 1
2020-03-10 20:46:18.597 DEBUG 1436 --- [http-nio-8081-exec-1] com.test.blog.mapper.TagMapper.getTag    : ==>  Preparing: select * from t_tag where id=? 
2020-03-10 20:46:18.597 DEBUG 1436 --- [http-nio-8081-exec-1] com.test.blog.mapper.TagMapper.getTag    : ==> Parameters: 5(Long)
2020-03-10 20:46:18.606 DEBUG 1436 --- [http-nio-8081-exec-1] com.test.blog.mapper.TagMapper.getTag    : <==      Total: 1
2020-03-10 20:46:18.607 DEBUG 1436 --- [http-nio-8081-exec-1] c.t.blog.mapper.UserMapper.getUserById   : ==>  Preparing: select id,avatar,nickname from t_user where id=? 
2020-03-10 20:46:18.607 DEBUG 1436 --- [http-nio-8081-exec-1] c.t.blog.mapper.UserMapper.getUserById   : ==> Parameters: 1(Long)
2020-03-10 20:46:18.618 DEBUG 1436 --- [http-nio-8081-exec-1] c.t.blog.mapper.UserMapper.getUserById   : <==      Total: 1
2020-03-10 20:46:18.618 DEBUG 1436 --- [http-nio-8081-exec-1] com.test.blog.mapper.TypeMapper.getType  : ==>  Preparing: select * from t_type where id =? 
2020-03-10 20:46:18.619 DEBUG 1436 --- [http-nio-8081-exec-1] com.test.blog.mapper.TypeMapper.getType  : ==> Parameters: 5(Long)
2020-03-10 20:46:18.630 DEBUG 1436 --- [http-nio-8081-exec-1] com.test.blog.mapper.TypeMapper.getType  : <==      Total: 1
2020-03-10 20:46:18.631 DEBUG 1436 --- [http-nio-8081-exec-1] c.t.b.m.TagMapper.getBlogTagsWithBlogId  : ==>  Preparing: select tags_id from t_blog_tags where blogs_id=? 
2020-03-10 20:46:18.631 DEBUG 1436 --- [http-nio-8081-exec-1] c.t.b.m.TagMapper.getBlogTagsWithBlogId  : ==> Parameters: 16(Long)
2020-03-10 20:46:18.641 DEBUG 1436 --- [http-nio-8081-exec-1] c.t.b.m.TagMapper.getBlogTagsWithBlogId  : <==      Total: 3
2020-03-10 20:46:18.641 DEBUG 1436 --- [http-nio-8081-exec-1] com.test.blog.mapper.TagMapper.getTag    : ==>  Preparing: select * from t_tag where id=? 
2020-03-10 20:46:18.641 DEBUG 1436 --- [http-nio-8081-exec-1] com.test.blog.mapper.TagMapper.getTag    : ==> Parameters: 1(Long)
2020-03-10 20:46:18.650 DEBUG 1436 --- [http-nio-8081-exec-1] com.test.blog.mapper.TagMapper.getTag    : <==      Total: 1
2020-03-10 20:46:18.651 DEBUG 1436 --- [http-nio-8081-exec-1] com.test.blog.mapper.TagMapper.getTag    : ==>  Preparing: select * from t_tag where id=? 
2020-03-10 20:46:18.651 DEBUG 1436 --- [http-nio-8081-exec-1] com.test.blog.mapper.TagMapper.getTag    : ==> Parameters: 5(Long)
2020-03-10 20:46:18.660 DEBUG 1436 --- [http-nio-8081-exec-1] com.test.blog.mapper.TagMapper.getTag    : <==      Total: 1
2020-03-10 20:46:18.661 DEBUG 1436 --- [http-nio-8081-exec-1] com.test.blog.mapper.TagMapper.getTag    : ==>  Preparing: select * from t_tag where id=? 
2020-03-10 20:46:18.661 DEBUG 1436 --- [http-nio-8081-exec-1] com.test.blog.mapper.TagMapper.getTag    : ==> Parameters: 7(Long)
2020-03-10 20:46:18.671 DEBUG 1436 --- [http-nio-8081-exec-1] com.test.blog.mapper.TagMapper.getTag    : <==      Total: 1
2020-03-10 20:46:18.671 DEBUG 1436 --- [http-nio-8081-exec-1] com.test.blog.mapper.TypeMapper.findTop  : ==>  Preparing: SELECT DISTINCT t.id ,r.c ,t.name from t_type t,(select type_id tid,count(id) c from t_blog GROUP BY type_id HAVING c>=1 ORDER BY c desc) r where r.tid =t.id limit 6 
2020-03-10 20:46:18.672 DEBUG 1436 --- [http-nio-8081-exec-1] com.test.blog.mapper.TypeMapper.findTop  : ==> Parameters: 
2020-03-10 20:46:18.682 DEBUG 1436 --- [http-nio-8081-exec-1] com.test.blog.mapper.TypeMapper.findTop  : <==      Total: 2
2020-03-10 20:46:18.682 DEBUG 1436 --- [http-nio-8081-exec-1] c.test.blog.mapper.BlogMapper.listBlog   : ==>  Preparing: select * from t_blog blog,t_type type where blog.type_id =type.id and 4=type.id and 1 =1 
2020-03-10 20:46:18.683 DEBUG 1436 --- [http-nio-8081-exec-1] c.test.blog.mapper.BlogMapper.listBlog   : ==> Parameters: 
2020-03-10 20:46:18.695 DEBUG 1436 --- [http-nio-8081-exec-1] c.test.blog.mapper.BlogMapper.listBlog   : <==      Total: 1
2020-03-10 20:46:18.696 DEBUG 1436 --- [http-nio-8081-exec-1] c.test.blog.mapper.BlogMapper.listBlog   : ==>  Preparing: select * from t_blog blog,t_type type where blog.type_id =type.id and 5=type.id and 1 =1 
2020-03-10 20:46:18.696 DEBUG 1436 --- [http-nio-8081-exec-1] c.test.blog.mapper.BlogMapper.listBlog   : ==> Parameters: 
2020-03-10 20:46:20.434 DEBUG 1436 --- [http-nio-8081-exec-1] c.test.blog.mapper.BlogMapper.listBlog   : <==      Total: 3
2020-03-10 20:46:20.435 DEBUG 1436 --- [http-nio-8081-exec-1] c.test.blog.mapper.TagMapper.listTagTop  : ==>  Preparing: select t.id,r.c, t.name from t_tag t,(select tags_id tid,count(blogs_id) c from t_blog_tags GROUP BY tags_id DESC) r where r.tid = t.id limit 10 
2020-03-10 20:46:20.435 DEBUG 1436 --- [http-nio-8081-exec-1] c.test.blog.mapper.TagMapper.listTagTop  : ==> Parameters: 
2020-03-10 20:46:20.446 DEBUG 1436 --- [http-nio-8081-exec-1] c.test.blog.mapper.TagMapper.listTagTop  : <==      Total: 5
2020-03-10 20:46:20.446 DEBUG 1436 --- [http-nio-8081-exec-1] c.t.b.mapper.BlogMapper.listBlogByTagId  : ==>  Preparing: select * from t_blog WHERE id in (select bt.blogs_id from t_blog_tags bt where bt.tags_id =?) 
2020-03-10 20:46:20.446 DEBUG 1436 --- [http-nio-8081-exec-1] c.t.b.mapper.BlogMapper.listBlogByTagId  : ==> Parameters: 1(Long)
2020-03-10 20:46:21.455 DEBUG 1436 --- [http-nio-8081-exec-2] c.t.b.mapper.BlogMapper.listBlogByTagId  : <==      Total: 3
2020-03-10 20:46:21.455 DEBUG 1436 --- [http-nio-8081-exec-2] com.test.blog.mapper.TypeMapper.getType  : ==>  Preparing: select * from t_type where id =? 
2020-03-10 20:46:21.455 DEBUG 1436 --- [http-nio-8081-exec-2] com.test.blog.mapper.TypeMapper.getType  : ==> Parameters: 5(Long)
2020-03-10 20:46:21.466 DEBUG 1436 --- [http-nio-8081-exec-2] com.test.blog.mapper.TypeMapper.getType  : <==      Total: 1
2020-03-10 20:46:21.467 DEBUG 1436 --- [http-nio-8081-exec-2] com.test.blog.mapper.TypeMapper.getType  : ==>  Preparing: select * from t_type where id =? 
2020-03-10 20:46:21.467 DEBUG 1436 --- [http-nio-8081-exec-2] com.test.blog.mapper.TypeMapper.getType  : ==> Parameters: 5(Long)
2020-03-10 20:46:21.477 DEBUG 1436 --- [http-nio-8081-exec-2] com.test.blog.mapper.TypeMapper.getType  : <==      Total: 1
2020-03-10 20:46:21.477 DEBUG 1436 --- [http-nio-8081-exec-2] com.test.blog.mapper.TypeMapper.getType  : ==>  Preparing: select * from t_type where id =? 
2020-03-10 20:46:21.478 DEBUG 1436 --- [http-nio-8081-exec-2] com.test.blog.mapper.TypeMapper.getType  : ==> Parameters: 5(Long)
2020-03-10 20:46:21.487 DEBUG 1436 --- [http-nio-8081-exec-2] com.test.blog.mapper.TypeMapper.getType  : <==      Total: 1
2020-03-10 20:46:21.488 DEBUG 1436 --- [http-nio-8081-exec-2] c.t.b.mapper.BlogMapper.listBlogByTagId  : ==>  Preparing: select * from t_blog WHERE id in (select bt.blogs_id from t_blog_tags bt where bt.tags_id =?) 
2020-03-10 20:46:21.488 DEBUG 1436 --- [http-nio-8081-exec-2] c.t.b.mapper.BlogMapper.listBlogByTagId  : ==> Parameters: 7(Long)
2020-03-10 20:46:21.792 DEBUG 1436 --- [http-nio-8081-exec-2] c.t.b.mapper.BlogMapper.listBlogByTagId  : <==      Total: 1
2020-03-10 20:46:21.792 DEBUG 1436 --- [http-nio-8081-exec-2] com.test.blog.mapper.TypeMapper.getType  : ==>  Preparing: select * from t_type where id =? 
2020-03-10 20:46:21.792 DEBUG 1436 --- [http-nio-8081-exec-2] com.test.blog.mapper.TypeMapper.getType  : ==> Parameters: 5(Long)
2020-03-10 20:46:21.803 DEBUG 1436 --- [http-nio-8081-exec-2] com.test.blog.mapper.TypeMapper.getType  : <==      Total: 1
2020-03-10 20:46:21.804 DEBUG 1436 --- [http-nio-8081-exec-2] c.t.b.m.BlogMapper.listRecommmendBlogs   : ==>  Preparing: select * from t_blog where recommend=true order by update_time DESC limit 8 
2020-03-10 20:46:21.804 DEBUG 1436 --- [http-nio-8081-exec-2] c.t.b.m.BlogMapper.listRecommmendBlogs   : ==> Parameters: 
2020-03-10 20:46:22.101 DEBUG 1436 --- [http-nio-8081-exec-1] c.t.b.mapper.BlogMapper.listBlogByTagId  : <==      Total: 3
2020-03-10 20:46:22.101 DEBUG 1436 --- [http-nio-8081-exec-1] com.test.blog.mapper.TypeMapper.getType  : ==>  Preparing: select * from t_type where id =? 
2020-03-10 20:46:22.101 DEBUG 1436 --- [http-nio-8081-exec-1] com.test.blog.mapper.TypeMapper.getType  : ==> Parameters: 5(Long)
2020-03-10 20:46:22.112 DEBUG 1436 --- [http-nio-8081-exec-1] com.test.blog.mapper.TypeMapper.getType  : <==      Total: 1
2020-03-10 20:46:22.112 DEBUG 1436 --- [http-nio-8081-exec-1] com.test.blog.mapper.TypeMapper.getType  : ==>  Preparing: select * from t_type where id =? 
2020-03-10 20:46:22.112 DEBUG 1436 --- [http-nio-8081-exec-1] com.test.blog.mapper.TypeMapper.getType  : ==> Parameters: 5(Long)
2020-03-10 20:46:22.122 DEBUG 1436 --- [http-nio-8081-exec-1] com.test.blog.mapper.TypeMapper.getType  : <==      Total: 1
2020-03-10 20:46:22.122 DEBUG 1436 --- [http-nio-8081-exec-1] com.test.blog.mapper.TypeMapper.getType  : ==>  Preparing: select * from t_type where id =? 
2020-03-10 20:46:22.123 DEBUG 1436 --- [http-nio-8081-exec-1] com.test.blog.mapper.TypeMapper.getType  : ==> Parameters: 5(Long)
2020-03-10 20:46:22.134 DEBUG 1436 --- [http-nio-8081-exec-1] com.test.blog.mapper.TypeMapper.getType  : <==      Total: 1
2020-03-10 20:46:22.135 DEBUG 1436 --- [http-nio-8081-exec-1] c.t.b.mapper.BlogMapper.listBlogByTagId  : ==>  Preparing: select * from t_blog WHERE id in (select bt.blogs_id from t_blog_tags bt where bt.tags_id =?) 
2020-03-10 20:46:22.135 DEBUG 1436 --- [http-nio-8081-exec-1] c.t.b.mapper.BlogMapper.listBlogByTagId  : ==> Parameters: 3(Long)
2020-03-10 20:46:23.151 DEBUG 1436 --- [http-nio-8081-exec-1] c.t.b.mapper.BlogMapper.listBlogByTagId  : <==      Total: 2
2020-03-10 20:46:23.152 DEBUG 1436 --- [http-nio-8081-exec-1] com.test.blog.mapper.TypeMapper.getType  : ==>  Preparing: select * from t_type where id =? 
2020-03-10 20:46:23.152 DEBUG 1436 --- [http-nio-8081-exec-1] com.test.blog.mapper.TypeMapper.getType  : ==> Parameters: 4(Long)
2020-03-10 20:46:23.162 DEBUG 1436 --- [http-nio-8081-exec-1] com.test.blog.mapper.TypeMapper.getType  : <==      Total: 1
2020-03-10 20:46:23.162 DEBUG 1436 --- [http-nio-8081-exec-1] com.test.blog.mapper.TypeMapper.getType  : ==>  Preparing: select * from t_type where id =? 
2020-03-10 20:46:23.163 DEBUG 1436 --- [http-nio-8081-exec-1] com.test.blog.mapper.TypeMapper.getType  : ==> Parameters: 5(Long)
2020-03-10 20:46:23.173 DEBUG 1436 --- [http-nio-8081-exec-1] com.test.blog.mapper.TypeMapper.getType  : <==      Total: 1
2020-03-10 20:46:23.173 DEBUG 1436 --- [http-nio-8081-exec-1] c.t.b.mapper.BlogMapper.listBlogByTagId  : ==>  Preparing: select * from t_blog WHERE id in (select bt.blogs_id from t_blog_tags bt where bt.tags_id =?) 
2020-03-10 20:46:23.173 DEBUG 1436 --- [http-nio-8081-exec-1] c.t.b.mapper.BlogMapper.listBlogByTagId  : ==> Parameters: 4(Long)
2020-03-10 20:46:23.833 DEBUG 1436 --- [http-nio-8081-exec-1] c.t.b.mapper.BlogMapper.listBlogByTagId  : <==      Total: 1
2020-03-10 20:46:23.833 DEBUG 1436 --- [http-nio-8081-exec-1] com.test.blog.mapper.TypeMapper.getType  : ==>  Preparing: select * from t_type where id =? 
2020-03-10 20:46:23.833 DEBUG 1436 --- [http-nio-8081-exec-1] com.test.blog.mapper.TypeMapper.getType  : ==> Parameters: 5(Long)
2020-03-10 20:46:23.843 DEBUG 1436 --- [http-nio-8081-exec-1] com.test.blog.mapper.TypeMapper.getType  : <==      Total: 1
2020-03-10 20:46:23.845 DEBUG 1436 --- [http-nio-8081-exec-1] c.t.b.mapper.BlogMapper.listBlogByTagId  : ==>  Preparing: select * from t_blog WHERE id in (select bt.blogs_id from t_blog_tags bt where bt.tags_id =?) 
2020-03-10 20:46:23.845 DEBUG 1436 --- [http-nio-8081-exec-1] c.t.b.mapper.BlogMapper.listBlogByTagId  : ==> Parameters: 5(Long)
2020-03-10 20:46:25.190 DEBUG 1436 --- [http-nio-8081-exec-2] c.t.b.m.BlogMapper.listRecommmendBlogs   : <==      Total: 4
2020-03-10 20:46:25.190 DEBUG 1436 --- [http-nio-8081-exec-2] c.t.b.m.FriendLinksMapper.listAllLinks   : ==>  Preparing: select * from t_friendlink 
2020-03-10 20:46:25.190 DEBUG 1436 --- [http-nio-8081-exec-2] c.t.b.m.FriendLinksMapper.listAllLinks   : ==> Parameters: 
2020-03-10 20:46:25.200 DEBUG 1436 --- [http-nio-8081-exec-2] c.t.b.m.FriendLinksMapper.listAllLinks   : <==      Total: 1
2020-03-10 20:46:25.211  INFO 1436 --- [http-nio-8081-exec-2] com.test.blog.aspect.LogAspect           : -----doAfter-------
2020-03-10 20:46:25.212  INFO 1436 --- [http-nio-8081-exec-2] com.test.blog.aspect.LogAspect           : Result: index
2020-03-10 20:46:25.596 DEBUG 1436 --- [http-nio-8081-exec-1] c.t.b.mapper.BlogMapper.listBlogByTagId  : <==      Total: 3
2020-03-10 20:46:25.597 DEBUG 1436 --- [http-nio-8081-exec-1] com.test.blog.mapper.TypeMapper.getType  : ==>  Preparing: select * from t_type where id =? 
2020-03-10 20:46:25.597 DEBUG 1436 --- [http-nio-8081-exec-1] com.test.blog.mapper.TypeMapper.getType  : ==> Parameters: 5(Long)
2020-03-10 20:46:25.628 DEBUG 1436 --- [http-nio-8081-exec-1] com.test.blog.mapper.TypeMapper.getType  : <==      Total: 1
2020-03-10 20:46:25.628 DEBUG 1436 --- [http-nio-8081-exec-1] com.test.blog.mapper.TypeMapper.getType  : ==>  Preparing: select * from t_type where id =? 
2020-03-10 20:46:25.628 DEBUG 1436 --- [http-nio-8081-exec-1] com.test.blog.mapper.TypeMapper.getType  : ==> Parameters: 5(Long)
2020-03-10 20:46:25.646 DEBUG 1436 --- [http-nio-8081-exec-1] com.test.blog.mapper.TypeMapper.getType  : <==      Total: 1
2020-03-10 20:46:25.646 DEBUG 1436 --- [http-nio-8081-exec-1] com.test.blog.mapper.TypeMapper.getType  : ==>  Preparing: select * from t_type where id =? 
2020-03-10 20:46:25.646 DEBUG 1436 --- [http-nio-8081-exec-1] com.test.blog.mapper.TypeMapper.getType  : ==> Parameters: 5(Long)
2020-03-10 20:46:25.669 DEBUG 1436 --- [http-nio-8081-exec-1] com.test.blog.mapper.TypeMapper.getType  : <==      Total: 1
2020-03-10 20:46:25.669 DEBUG 1436 --- [http-nio-8081-exec-1] c.t.b.mapper.BlogMapper.listBlogByTagId  : ==>  Preparing: select * from t_blog WHERE id in (select bt.blogs_id from t_blog_tags bt where bt.tags_id =?) 
2020-03-10 20:46:25.670 DEBUG 1436 --- [http-nio-8081-exec-1] c.t.b.mapper.BlogMapper.listBlogByTagId  : ==> Parameters: 7(Long)
2020-03-10 20:46:25.733 DEBUG 1436 --- [http-nio-8081-exec-1] c.t.b.mapper.BlogMapper.listBlogByTagId  : <==      Total: 1
2020-03-10 20:46:25.733 DEBUG 1436 --- [http-nio-8081-exec-1] com.test.blog.mapper.TypeMapper.getType  : ==>  Preparing: select * from t_type where id =? 
2020-03-10 20:46:25.733 DEBUG 1436 --- [http-nio-8081-exec-1] com.test.blog.mapper.TypeMapper.getType  : ==> Parameters: 5(Long)
2020-03-10 20:46:25.748 DEBUG 1436 --- [http-nio-8081-exec-1] com.test.blog.mapper.TypeMapper.getType  : <==      Total: 1
2020-03-10 20:46:25.748 DEBUG 1436 --- [http-nio-8081-exec-1] c.t.b.m.BlogMapper.listRecommmendBlogs   : ==>  Preparing: select * from t_blog where recommend=true order by update_time DESC limit 8 
2020-03-10 20:46:25.748 DEBUG 1436 --- [http-nio-8081-exec-1] c.t.b.m.BlogMapper.listRecommmendBlogs   : ==> Parameters: 
2020-03-10 20:46:26.911 DEBUG 1436 --- [http-nio-8081-exec-1] c.t.b.m.BlogMapper.listRecommmendBlogs   : <==      Total: 4
2020-03-10 20:46:26.911 DEBUG 1436 --- [http-nio-8081-exec-1] c.t.b.m.FriendLinksMapper.listAllLinks   : ==>  Preparing: select * from t_friendlink 
2020-03-10 20:46:26.911 DEBUG 1436 --- [http-nio-8081-exec-1] c.t.b.m.FriendLinksMapper.listAllLinks   : ==> Parameters: 
2020-03-10 20:46:26.932 DEBUG 1436 --- [http-nio-8081-exec-1] c.t.b.m.FriendLinksMapper.listAllLinks   : <==      Total: 1
2020-03-10 20:46:26.932  INFO 1436 --- [http-nio-8081-exec-1] com.test.blog.aspect.LogAspect           : -----doAfter-------
2020-03-10 20:46:26.932  INFO 1436 --- [http-nio-8081-exec-1] com.test.blog.aspect.LogAspect           : Result: index
2020-03-10 20:46:28.068  INFO 1436 --- [http-nio-8081-exec-5] com.test.blog.aspect.LogAspect           : Request IP:0:0:0:0:0:0:0:1
2020-03-10 20:46:28.068  INFO 1436 --- [http-nio-8081-exec-5] com.test.blog.aspect.LogAspect           : Request : RequestLog{url='http://localhost:8081/footer/newblog', ip='0:0:0:0:0:0:0:1', classMethod='com.test.blog.controller.IndexController.newblogs', args=[{}]}
2020-03-10 20:46:28.080 DEBUG 1436 --- [http-nio-8081-exec-5] c.t.b.m.BlogMapper.listRecommmendBlogs   : ==>  Preparing: select * from t_blog where recommend=true order by update_time DESC limit 3 
2020-03-10 20:46:28.081 DEBUG 1436 --- [http-nio-8081-exec-5] c.t.b.m.BlogMapper.listRecommmendBlogs   : ==> Parameters: 
2020-03-10 20:46:28.256 DEBUG 1436 --- [http-nio-8081-exec-5] c.t.b.m.BlogMapper.listRecommmendBlogs   : <==      Total: 3
2020-03-10 20:46:28.256  INFO 1436 --- [http-nio-8081-exec-5] com.test.blog.aspect.LogAspect           : -----doAfter-------
2020-03-10 20:46:28.256  INFO 1436 --- [http-nio-8081-exec-5] com.test.blog.aspect.LogAspect           : Result: _fragments :: newblogList
2020-03-10 20:50:16.102  INFO 1436 --- [http-nio-8081-exec-9] com.test.blog.aspect.LogAspect           : Request IP:0:0:0:0:0:0:0:1
2020-03-10 20:50:16.102  INFO 1436 --- [http-nio-8081-exec-9] com.test.blog.aspect.LogAspect           : Request : RequestLog{url='http://localhost:8081/', ip='0:0:0:0:0:0:0:1', classMethod='com.test.blog.controller.IndexController.index', args=[Page request [number: 0, size 8, sort: updateTime: DESC], {}]}
2020-03-10 20:50:16.112 DEBUG 1436 --- [http-nio-8081-exec-9] c.t.blog.mapper.BlogMapper.listAllBlogs  : ==>  Preparing: select * from t_blog 
2020-03-10 20:50:16.113 DEBUG 1436 --- [http-nio-8081-exec-9] c.t.blog.mapper.BlogMapper.listAllBlogs  : ==> Parameters: 
2020-03-10 20:50:16.462 DEBUG 1436 --- [http-nio-8081-exec-9] c.t.blog.mapper.BlogMapper.listAllBlogs  : <==      Total: 4
2020-03-10 20:50:16.462 DEBUG 1436 --- [http-nio-8081-exec-9] c.t.blog.mapper.UserMapper.getUserById   : ==>  Preparing: select id,avatar,nickname from t_user where id=? 
2020-03-10 20:50:16.462 DEBUG 1436 --- [http-nio-8081-exec-9] c.t.blog.mapper.UserMapper.getUserById   : ==> Parameters: 1(Long)
2020-03-10 20:50:16.472 DEBUG 1436 --- [http-nio-8081-exec-9] c.t.blog.mapper.UserMapper.getUserById   : <==      Total: 1
2020-03-10 20:50:16.473 DEBUG 1436 --- [http-nio-8081-exec-9] com.test.blog.mapper.TypeMapper.getType  : ==>  Preparing: select * from t_type where id =? 
2020-03-10 20:50:16.473 DEBUG 1436 --- [http-nio-8081-exec-9] com.test.blog.mapper.TypeMapper.getType  : ==> Parameters: 4(Long)
2020-03-10 20:50:16.484 DEBUG 1436 --- [http-nio-8081-exec-9] com.test.blog.mapper.TypeMapper.getType  : <==      Total: 1
2020-03-10 20:50:16.484 DEBUG 1436 --- [http-nio-8081-exec-9] c.t.b.m.TagMapper.getBlogTagsWithBlogId  : ==>  Preparing: select tags_id from t_blog_tags where blogs_id=? 
2020-03-10 20:50:16.484 DEBUG 1436 --- [http-nio-8081-exec-9] c.t.b.m.TagMapper.getBlogTagsWithBlogId  : ==> Parameters: 12(Long)
2020-03-10 20:50:16.495 DEBUG 1436 --- [http-nio-8081-exec-9] c.t.b.m.TagMapper.getBlogTagsWithBlogId  : <==      Total: 1
2020-03-10 20:50:16.495 DEBUG 1436 --- [http-nio-8081-exec-9] com.test.blog.mapper.TagMapper.getTag    : ==>  Preparing: select * from t_tag where id=? 
2020-03-10 20:50:16.495 DEBUG 1436 --- [http-nio-8081-exec-9] com.test.blog.mapper.TagMapper.getTag    : ==> Parameters: 3(Long)
2020-03-10 20:50:16.507 DEBUG 1436 --- [http-nio-8081-exec-9] com.test.blog.mapper.TagMapper.getTag    : <==      Total: 1
2020-03-10 20:50:16.508 DEBUG 1436 --- [http-nio-8081-exec-9] c.t.blog.mapper.UserMapper.getUserById   : ==>  Preparing: select id,avatar,nickname from t_user where id=? 
2020-03-10 20:50:16.508 DEBUG 1436 --- [http-nio-8081-exec-9] c.t.blog.mapper.UserMapper.getUserById   : ==> Parameters: 1(Long)
2020-03-10 20:50:16.518 DEBUG 1436 --- [http-nio-8081-exec-9] c.t.blog.mapper.UserMapper.getUserById   : <==      Total: 1
2020-03-10 20:50:16.518 DEBUG 1436 --- [http-nio-8081-exec-9] com.test.blog.mapper.TypeMapper.getType  : ==>  Preparing: select * from t_type where id =? 
2020-03-10 20:50:16.518 DEBUG 1436 --- [http-nio-8081-exec-9] com.test.blog.mapper.TypeMapper.getType  : ==> Parameters: 5(Long)
2020-03-10 20:50:16.528 DEBUG 1436 --- [http-nio-8081-exec-9] com.test.blog.mapper.TypeMapper.getType  : <==      Total: 1
2020-03-10 20:50:16.528 DEBUG 1436 --- [http-nio-8081-exec-9] c.t.b.m.TagMapper.getBlogTagsWithBlogId  : ==>  Preparing: select tags_id from t_blog_tags where blogs_id=? 
2020-03-10 20:50:16.529 DEBUG 1436 --- [http-nio-8081-exec-9] c.t.b.m.TagMapper.getBlogTagsWithBlogId  : ==> Parameters: 13(Long)
2020-03-10 20:50:16.539 DEBUG 1436 --- [http-nio-8081-exec-9] c.t.b.m.TagMapper.getBlogTagsWithBlogId  : <==      Total: 3
2020-03-10 20:50:16.539 DEBUG 1436 --- [http-nio-8081-exec-9] com.test.blog.mapper.TagMapper.getTag    : ==>  Preparing: select * from t_tag where id=? 
2020-03-10 20:50:16.539 DEBUG 1436 --- [http-nio-8081-exec-9] com.test.blog.mapper.TagMapper.getTag    : ==> Parameters: 1(Long)
2020-03-10 20:50:16.549 DEBUG 1436 --- [http-nio-8081-exec-9] com.test.blog.mapper.TagMapper.getTag    : <==      Total: 1
2020-03-10 20:50:16.549 DEBUG 1436 --- [http-nio-8081-exec-9] com.test.blog.mapper.TagMapper.getTag    : ==>  Preparing: select * from t_tag where id=? 
2020-03-10 20:50:16.550 DEBUG 1436 --- [http-nio-8081-exec-9] com.test.blog.mapper.TagMapper.getTag    : ==> Parameters: 3(Long)
2020-03-10 20:50:16.562 DEBUG 1436 --- [http-nio-8081-exec-9] com.test.blog.mapper.TagMapper.getTag    : <==      Total: 1
2020-03-10 20:50:16.562 DEBUG 1436 --- [http-nio-8081-exec-9] com.test.blog.mapper.TagMapper.getTag    : ==>  Preparing: select * from t_tag where id=? 
2020-03-10 20:50:16.562 DEBUG 1436 --- [http-nio-8081-exec-9] com.test.blog.mapper.TagMapper.getTag    : ==> Parameters: 5(Long)
2020-03-10 20:50:16.572 DEBUG 1436 --- [http-nio-8081-exec-9] com.test.blog.mapper.TagMapper.getTag    : <==      Total: 1
2020-03-10 20:50:16.572 DEBUG 1436 --- [http-nio-8081-exec-9] c.t.blog.mapper.UserMapper.getUserById   : ==>  Preparing: select id,avatar,nickname from t_user where id=? 
2020-03-10 20:50:16.573 DEBUG 1436 --- [http-nio-8081-exec-9] c.t.blog.mapper.UserMapper.getUserById   : ==> Parameters: 1(Long)
2020-03-10 20:50:16.584 DEBUG 1436 --- [http-nio-8081-exec-9] c.t.blog.mapper.UserMapper.getUserById   : <==      Total: 1
2020-03-10 20:50:16.585 DEBUG 1436 --- [http-nio-8081-exec-9] com.test.blog.mapper.TypeMapper.getType  : ==>  Preparing: select * from t_type where id =? 
2020-03-10 20:50:16.585 DEBUG 1436 --- [http-nio-8081-exec-9] com.test.blog.mapper.TypeMapper.getType  : ==> Parameters: 5(Long)
2020-03-10 20:50:16.595 DEBUG 1436 --- [http-nio-8081-exec-9] com.test.blog.mapper.TypeMapper.getType  : <==      Total: 1
2020-03-10 20:50:16.595 DEBUG 1436 --- [http-nio-8081-exec-9] c.t.b.m.TagMapper.getBlogTagsWithBlogId  : ==>  Preparing: select tags_id from t_blog_tags where blogs_id=? 
2020-03-10 20:50:16.595 DEBUG 1436 --- [http-nio-8081-exec-9] c.t.b.m.TagMapper.getBlogTagsWithBlogId  : ==> Parameters: 15(Long)
2020-03-10 20:50:16.605 DEBUG 1436 --- [http-nio-8081-exec-9] c.t.b.m.TagMapper.getBlogTagsWithBlogId  : <==      Total: 3
2020-03-10 20:50:16.605 DEBUG 1436 --- [http-nio-8081-exec-9] com.test.blog.mapper.TagMapper.getTag    : ==>  Preparing: select * from t_tag where id=? 
2020-03-10 20:50:16.605 DEBUG 1436 --- [http-nio-8081-exec-9] com.test.blog.mapper.TagMapper.getTag    : ==> Parameters: 1(Long)
2020-03-10 20:50:16.615 DEBUG 1436 --- [http-nio-8081-exec-9] com.test.blog.mapper.TagMapper.getTag    : <==      Total: 1
2020-03-10 20:50:16.615 DEBUG 1436 --- [http-nio-8081-exec-9] com.test.blog.mapper.TagMapper.getTag    : ==>  Preparing: select * from t_tag where id=? 
2020-03-10 20:50:16.615 DEBUG 1436 --- [http-nio-8081-exec-9] com.test.blog.mapper.TagMapper.getTag    : ==> Parameters: 4(Long)
2020-03-10 20:50:16.626 DEBUG 1436 --- [http-nio-8081-exec-9] com.test.blog.mapper.TagMapper.getTag    : <==      Total: 1
2020-03-10 20:50:16.626 DEBUG 1436 --- [http-nio-8081-exec-9] com.test.blog.mapper.TagMapper.getTag    : ==>  Preparing: select * from t_tag where id=? 
2020-03-10 20:50:16.626 DEBUG 1436 --- [http-nio-8081-exec-9] com.test.blog.mapper.TagMapper.getTag    : ==> Parameters: 5(Long)
2020-03-10 20:50:16.636 DEBUG 1436 --- [http-nio-8081-exec-9] com.test.blog.mapper.TagMapper.getTag    : <==      Total: 1
2020-03-10 20:50:16.636 DEBUG 1436 --- [http-nio-8081-exec-9] c.t.blog.mapper.UserMapper.getUserById   : ==>  Preparing: select id,avatar,nickname from t_user where id=? 
2020-03-10 20:50:16.637 DEBUG 1436 --- [http-nio-8081-exec-9] c.t.blog.mapper.UserMapper.getUserById   : ==> Parameters: 1(Long)
2020-03-10 20:50:16.646 DEBUG 1436 --- [http-nio-8081-exec-9] c.t.blog.mapper.UserMapper.getUserById   : <==      Total: 1
2020-03-10 20:50:16.647 DEBUG 1436 --- [http-nio-8081-exec-9] com.test.blog.mapper.TypeMapper.getType  : ==>  Preparing: select * from t_type where id =? 
2020-03-10 20:50:16.647 DEBUG 1436 --- [http-nio-8081-exec-9] com.test.blog.mapper.TypeMapper.getType  : ==> Parameters: 5(Long)
2020-03-10 20:50:16.656 DEBUG 1436 --- [http-nio-8081-exec-9] com.test.blog.mapper.TypeMapper.getType  : <==      Total: 1
2020-03-10 20:50:16.657 DEBUG 1436 --- [http-nio-8081-exec-9] c.t.b.m.TagMapper.getBlogTagsWithBlogId  : ==>  Preparing: select tags_id from t_blog_tags where blogs_id=? 
2020-03-10 20:50:16.657 DEBUG 1436 --- [http-nio-8081-exec-9] c.t.b.m.TagMapper.getBlogTagsWithBlogId  : ==> Parameters: 16(Long)
2020-03-10 20:50:16.667 DEBUG 1436 --- [http-nio-8081-exec-9] c.t.b.m.TagMapper.getBlogTagsWithBlogId  : <==      Total: 3
2020-03-10 20:50:16.667 DEBUG 1436 --- [http-nio-8081-exec-9] com.test.blog.mapper.TagMapper.getTag    : ==>  Preparing: select * from t_tag where id=? 
2020-03-10 20:50:16.667 DEBUG 1436 --- [http-nio-8081-exec-9] com.test.blog.mapper.TagMapper.getTag    : ==> Parameters: 1(Long)
2020-03-10 20:50:16.678 DEBUG 1436 --- [http-nio-8081-exec-9] com.test.blog.mapper.TagMapper.getTag    : <==      Total: 1
2020-03-10 20:50:16.678 DEBUG 1436 --- [http-nio-8081-exec-9] com.test.blog.mapper.TagMapper.getTag    : ==>  Preparing: select * from t_tag where id=? 
2020-03-10 20:50:16.678 DEBUG 1436 --- [http-nio-8081-exec-9] com.test.blog.mapper.TagMapper.getTag    : ==> Parameters: 5(Long)
2020-03-10 20:50:16.688 DEBUG 1436 --- [http-nio-8081-exec-9] com.test.blog.mapper.TagMapper.getTag    : <==      Total: 1
2020-03-10 20:50:16.688 DEBUG 1436 --- [http-nio-8081-exec-9] com.test.blog.mapper.TagMapper.getTag    : ==>  Preparing: select * from t_tag where id=? 
2020-03-10 20:50:16.688 DEBUG 1436 --- [http-nio-8081-exec-9] com.test.blog.mapper.TagMapper.getTag    : ==> Parameters: 7(Long)
2020-03-10 20:50:16.698 DEBUG 1436 --- [http-nio-8081-exec-9] com.test.blog.mapper.TagMapper.getTag    : <==      Total: 1
2020-03-10 20:50:16.698 DEBUG 1436 --- [http-nio-8081-exec-9] com.test.blog.mapper.TypeMapper.findTop  : ==>  Preparing: SELECT DISTINCT t.id ,r.c ,t.name from t_type t,(select type_id tid,count(id) c from t_blog GROUP BY type_id HAVING c>=1 ORDER BY c desc) r where r.tid =t.id limit 6 
2020-03-10 20:50:16.698 DEBUG 1436 --- [http-nio-8081-exec-9] com.test.blog.mapper.TypeMapper.findTop  : ==> Parameters: 
2020-03-10 20:50:16.709 DEBUG 1436 --- [http-nio-8081-exec-9] com.test.blog.mapper.TypeMapper.findTop  : <==      Total: 2
2020-03-10 20:50:16.710 DEBUG 1436 --- [http-nio-8081-exec-9] c.test.blog.mapper.BlogMapper.listBlog   : ==>  Preparing: select * from t_blog blog,t_type type where blog.type_id =type.id and 4=type.id and 1 =1 
2020-03-10 20:50:16.710 DEBUG 1436 --- [http-nio-8081-exec-9] c.test.blog.mapper.BlogMapper.listBlog   : ==> Parameters: 
2020-03-10 20:50:16.720 DEBUG 1436 --- [http-nio-8081-exec-9] c.test.blog.mapper.BlogMapper.listBlog   : <==      Total: 1
2020-03-10 20:50:16.721 DEBUG 1436 --- [http-nio-8081-exec-9] c.test.blog.mapper.BlogMapper.listBlog   : ==>  Preparing: select * from t_blog blog,t_type type where blog.type_id =type.id and 5=type.id and 1 =1 
2020-03-10 20:50:16.721 DEBUG 1436 --- [http-nio-8081-exec-9] c.test.blog.mapper.BlogMapper.listBlog   : ==> Parameters: 
2020-03-10 20:50:17.653 DEBUG 1436 --- [http-nio-8081-exec-9] c.test.blog.mapper.BlogMapper.listBlog   : <==      Total: 3
2020-03-10 20:50:17.653 DEBUG 1436 --- [http-nio-8081-exec-9] c.test.blog.mapper.TagMapper.listTagTop  : ==>  Preparing: select t.id,r.c, t.name from t_tag t,(select tags_id tid,count(blogs_id) c from t_blog_tags GROUP BY tags_id DESC) r where r.tid = t.id limit 10 
2020-03-10 20:50:17.653 DEBUG 1436 --- [http-nio-8081-exec-9] c.test.blog.mapper.TagMapper.listTagTop  : ==> Parameters: 
2020-03-10 20:50:17.663 DEBUG 1436 --- [http-nio-8081-exec-9] c.test.blog.mapper.TagMapper.listTagTop  : <==      Total: 5
2020-03-10 20:50:17.664 DEBUG 1436 --- [http-nio-8081-exec-9] c.t.b.mapper.BlogMapper.listBlogByTagId  : ==>  Preparing: select * from t_blog WHERE id in (select bt.blogs_id from t_blog_tags bt where bt.tags_id =?) 
2020-03-10 20:50:17.664 DEBUG 1436 --- [http-nio-8081-exec-9] c.t.b.mapper.BlogMapper.listBlogByTagId  : ==> Parameters: 1(Long)
2020-03-10 20:50:18.701 DEBUG 1436 --- [http-nio-8081-exec-9] c.t.b.mapper.BlogMapper.listBlogByTagId  : <==      Total: 3
2020-03-10 20:50:18.701 DEBUG 1436 --- [http-nio-8081-exec-9] com.test.blog.mapper.TypeMapper.getType  : ==>  Preparing: select * from t_type where id =? 
2020-03-10 20:50:18.701 DEBUG 1436 --- [http-nio-8081-exec-9] com.test.blog.mapper.TypeMapper.getType  : ==> Parameters: 5(Long)
2020-03-10 20:50:18.711 DEBUG 1436 --- [http-nio-8081-exec-9] com.test.blog.mapper.TypeMapper.getType  : <==      Total: 1
2020-03-10 20:50:18.711 DEBUG 1436 --- [http-nio-8081-exec-9] com.test.blog.mapper.TypeMapper.getType  : ==>  Preparing: select * from t_type where id =? 
2020-03-10 20:50:18.711 DEBUG 1436 --- [http-nio-8081-exec-9] com.test.blog.mapper.TypeMapper.getType  : ==> Parameters: 5(Long)
2020-03-10 20:50:18.721 DEBUG 1436 --- [http-nio-8081-exec-9] com.test.blog.mapper.TypeMapper.getType  : <==      Total: 1
2020-03-10 20:50:18.721 DEBUG 1436 --- [http-nio-8081-exec-9] com.test.blog.mapper.TypeMapper.getType  : ==>  Preparing: select * from t_type where id =? 
2020-03-10 20:50:18.721 DEBUG 1436 --- [http-nio-8081-exec-9] com.test.blog.mapper.TypeMapper.getType  : ==> Parameters: 5(Long)
2020-03-10 20:50:18.731 DEBUG 1436 --- [http-nio-8081-exec-9] com.test.blog.mapper.TypeMapper.getType  : <==      Total: 1
2020-03-10 20:50:18.731 DEBUG 1436 --- [http-nio-8081-exec-9] c.t.b.mapper.BlogMapper.listBlogByTagId  : ==>  Preparing: select * from t_blog WHERE id in (select bt.blogs_id from t_blog_tags bt where bt.tags_id =?) 
2020-03-10 20:50:18.731 DEBUG 1436 --- [http-nio-8081-exec-9] c.t.b.mapper.BlogMapper.listBlogByTagId  : ==> Parameters: 3(Long)
2020-03-10 20:50:19.092 DEBUG 1436 --- [http-nio-8081-exec-9] c.t.b.mapper.BlogMapper.listBlogByTagId  : <==      Total: 2
2020-03-10 20:50:19.092 DEBUG 1436 --- [http-nio-8081-exec-9] com.test.blog.mapper.TypeMapper.getType  : ==>  Preparing: select * from t_type where id =? 
2020-03-10 20:50:19.093 DEBUG 1436 --- [http-nio-8081-exec-9] com.test.blog.mapper.TypeMapper.getType  : ==> Parameters: 4(Long)
2020-03-10 20:50:19.102 DEBUG 1436 --- [http-nio-8081-exec-9] com.test.blog.mapper.TypeMapper.getType  : <==      Total: 1
2020-03-10 20:50:19.103 DEBUG 1436 --- [http-nio-8081-exec-9] com.test.blog.mapper.TypeMapper.getType  : ==>  Preparing: select * from t_type where id =? 
2020-03-10 20:50:19.103 DEBUG 1436 --- [http-nio-8081-exec-9] com.test.blog.mapper.TypeMapper.getType  : ==> Parameters: 5(Long)
2020-03-10 20:50:19.113 DEBUG 1436 --- [http-nio-8081-exec-9] com.test.blog.mapper.TypeMapper.getType  : <==      Total: 1
2020-03-10 20:50:19.113 DEBUG 1436 --- [http-nio-8081-exec-9] c.t.b.mapper.BlogMapper.listBlogByTagId  : ==>  Preparing: select * from t_blog WHERE id in (select bt.blogs_id from t_blog_tags bt where bt.tags_id =?) 
2020-03-10 20:50:19.113 DEBUG 1436 --- [http-nio-8081-exec-9] c.t.b.mapper.BlogMapper.listBlogByTagId  : ==> Parameters: 4(Long)
2020-03-10 20:50:19.785 DEBUG 1436 --- [http-nio-8081-exec-9] c.t.b.mapper.BlogMapper.listBlogByTagId  : <==      Total: 1
2020-03-10 20:50:19.785 DEBUG 1436 --- [http-nio-8081-exec-9] com.test.blog.mapper.TypeMapper.getType  : ==>  Preparing: select * from t_type where id =? 
2020-03-10 20:50:19.785 DEBUG 1436 --- [http-nio-8081-exec-9] com.test.blog.mapper.TypeMapper.getType  : ==> Parameters: 5(Long)
2020-03-10 20:50:19.796 DEBUG 1436 --- [http-nio-8081-exec-9] com.test.blog.mapper.TypeMapper.getType  : <==      Total: 1
2020-03-10 20:50:19.796 DEBUG 1436 --- [http-nio-8081-exec-9] c.t.b.mapper.BlogMapper.listBlogByTagId  : ==>  Preparing: select * from t_blog WHERE id in (select bt.blogs_id from t_blog_tags bt where bt.tags_id =?) 
2020-03-10 20:50:19.796 DEBUG 1436 --- [http-nio-8081-exec-9] c.t.b.mapper.BlogMapper.listBlogByTagId  : ==> Parameters: 5(Long)
2020-03-10 20:50:21.082 DEBUG 1436 --- [http-nio-8081-exec-9] c.t.b.mapper.BlogMapper.listBlogByTagId  : <==      Total: 3
2020-03-10 20:50:21.082 DEBUG 1436 --- [http-nio-8081-exec-9] com.test.blog.mapper.TypeMapper.getType  : ==>  Preparing: select * from t_type where id =? 
2020-03-10 20:50:21.083 DEBUG 1436 --- [http-nio-8081-exec-9] com.test.blog.mapper.TypeMapper.getType  : ==> Parameters: 5(Long)
2020-03-10 20:50:21.093 DEBUG 1436 --- [http-nio-8081-exec-9] com.test.blog.mapper.TypeMapper.getType  : <==      Total: 1
2020-03-10 20:50:21.093 DEBUG 1436 --- [http-nio-8081-exec-9] com.test.blog.mapper.TypeMapper.getType  : ==>  Preparing: select * from t_type where id =? 
2020-03-10 20:50:21.094 DEBUG 1436 --- [http-nio-8081-exec-9] com.test.blog.mapper.TypeMapper.getType  : ==> Parameters: 5(Long)
2020-03-10 20:50:21.105 DEBUG 1436 --- [http-nio-8081-exec-9] com.test.blog.mapper.TypeMapper.getType  : <==      Total: 1
2020-03-10 20:50:21.105 DEBUG 1436 --- [http-nio-8081-exec-9] com.test.blog.mapper.TypeMapper.getType  : ==>  Preparing: select * from t_type where id =? 
2020-03-10 20:50:21.105 DEBUG 1436 --- [http-nio-8081-exec-9] com.test.blog.mapper.TypeMapper.getType  : ==> Parameters: 5(Long)
2020-03-10 20:50:21.116 DEBUG 1436 --- [http-nio-8081-exec-9] com.test.blog.mapper.TypeMapper.getType  : <==      Total: 1
2020-03-10 20:50:21.116 DEBUG 1436 --- [http-nio-8081-exec-9] c.t.b.mapper.BlogMapper.listBlogByTagId  : ==>  Preparing: select * from t_blog WHERE id in (select bt.blogs_id from t_blog_tags bt where bt.tags_id =?) 
2020-03-10 20:50:21.116 DEBUG 1436 --- [http-nio-8081-exec-9] c.t.b.mapper.BlogMapper.listBlogByTagId  : ==> Parameters: 7(Long)
2020-03-10 20:50:21.144 DEBUG 1436 --- [http-nio-8081-exec-9] c.t.b.mapper.BlogMapper.listBlogByTagId  : <==      Total: 1
2020-03-10 20:50:21.145 DEBUG 1436 --- [http-nio-8081-exec-9] com.test.blog.mapper.TypeMapper.getType  : ==>  Preparing: select * from t_type where id =? 
2020-03-10 20:50:21.145 DEBUG 1436 --- [http-nio-8081-exec-9] com.test.blog.mapper.TypeMapper.getType  : ==> Parameters: 5(Long)
2020-03-10 20:50:21.154 DEBUG 1436 --- [http-nio-8081-exec-9] com.test.blog.mapper.TypeMapper.getType  : <==      Total: 1
2020-03-10 20:50:21.155 DEBUG 1436 --- [http-nio-8081-exec-9] c.t.b.m.BlogMapper.listRecommmendBlogs   : ==>  Preparing: select * from t_blog where recommend=true order by update_time DESC limit 8 
2020-03-10 20:50:21.155 DEBUG 1436 --- [http-nio-8081-exec-9] c.t.b.m.BlogMapper.listRecommmendBlogs   : ==> Parameters: 
2020-03-10 20:50:22.302 DEBUG 1436 --- [http-nio-8081-exec-9] c.t.b.m.BlogMapper.listRecommmendBlogs   : <==      Total: 4
2020-03-10 20:50:22.303 DEBUG 1436 --- [http-nio-8081-exec-9] c.t.b.m.FriendLinksMapper.listAllLinks   : ==>  Preparing: select * from t_friendlink 
2020-03-10 20:50:22.303 DEBUG 1436 --- [http-nio-8081-exec-9] c.t.b.m.FriendLinksMapper.listAllLinks   : ==> Parameters: 
2020-03-10 20:50:22.314 DEBUG 1436 --- [http-nio-8081-exec-9] c.t.b.m.FriendLinksMapper.listAllLinks   : <==      Total: 1
2020-03-10 20:50:22.314  INFO 1436 --- [http-nio-8081-exec-9] com.test.blog.aspect.LogAspect           : -----doAfter-------
2020-03-10 20:50:22.314  INFO 1436 --- [http-nio-8081-exec-9] com.test.blog.aspect.LogAspect           : Result: index
2020-03-10 20:50:22.706  INFO 1436 --- [http-nio-8081-exec-2] com.test.blog.aspect.LogAspect           : Request IP:0:0:0:0:0:0:0:1
2020-03-10 20:50:22.706  INFO 1436 --- [http-nio-8081-exec-2] com.test.blog.aspect.LogAspect           : Request : RequestLog{url='http://localhost:8081/footer/newblog', ip='0:0:0:0:0:0:0:1', classMethod='com.test.blog.controller.IndexController.newblogs', args=[{}]}
2020-03-10 20:50:22.706 DEBUG 1436 --- [http-nio-8081-exec-2] c.t.b.m.BlogMapper.listRecommmendBlogs   : ==>  Preparing: select * from t_blog where recommend=true order by update_time DESC limit 3 
2020-03-10 20:50:22.706 DEBUG 1436 --- [http-nio-8081-exec-2] c.t.b.m.BlogMapper.listRecommmendBlogs   : ==> Parameters: 
2020-03-10 20:50:23.388 DEBUG 1436 --- [http-nio-8081-exec-2] c.t.b.m.BlogMapper.listRecommmendBlogs   : <==      Total: 3
2020-03-10 20:50:23.389  INFO 1436 --- [http-nio-8081-exec-2] com.test.blog.aspect.LogAspect           : -----doAfter-------
2020-03-10 20:50:23.389  INFO 1436 --- [http-nio-8081-exec-2] com.test.blog.aspect.LogAspect           : Result: _fragments :: newblogList
2020-03-10 20:52:58.172  INFO 1436 --- [http-nio-8081-exec-7] com.test.blog.aspect.LogAspect           : Request IP:0:0:0:0:0:0:0:1
2020-03-10 20:52:58.172  INFO 1436 --- [http-nio-8081-exec-7] com.test.blog.aspect.LogAspect           : Request : RequestLog{url='http://localhost:8081/about', ip='0:0:0:0:0:0:0:1', classMethod='com.test.blog.controller.IndexController.about', args=[]}
2020-03-10 20:52:58.172  INFO 1436 --- [http-nio-8081-exec-7] com.test.blog.aspect.LogAspect           : -----doAfter-------
2020-03-10 20:52:58.172  INFO 1436 --- [http-nio-8081-exec-7] com.test.blog.aspect.LogAspect           : Result: about
2020-03-10 20:52:58.707  INFO 1436 --- [http-nio-8081-exec-9] com.test.blog.aspect.LogAspect           : Request IP:0:0:0:0:0:0:0:1
2020-03-10 20:52:58.707  INFO 1436 --- [http-nio-8081-exec-9] com.test.blog.aspect.LogAspect           : Request : RequestLog{url='http://localhost:8081/footer/newblog', ip='0:0:0:0:0:0:0:1', classMethod='com.test.blog.controller.IndexController.newblogs', args=[{}]}
2020-03-10 20:52:58.717 DEBUG 1436 --- [http-nio-8081-exec-9] c.t.b.m.BlogMapper.listRecommmendBlogs   : ==>  Preparing: select * from t_blog where recommend=true order by update_time DESC limit 3 
2020-03-10 20:52:58.718 DEBUG 1436 --- [http-nio-8081-exec-9] c.t.b.m.BlogMapper.listRecommmendBlogs   : ==> Parameters: 
2020-03-10 20:52:58.900 DEBUG 1436 --- [http-nio-8081-exec-9] c.t.b.m.BlogMapper.listRecommmendBlogs   : <==      Total: 3
2020-03-10 20:52:58.900  INFO 1436 --- [http-nio-8081-exec-9] com.test.blog.aspect.LogAspect           : -----doAfter-------
2020-03-10 20:52:58.900  INFO 1436 --- [http-nio-8081-exec-9] com.test.blog.aspect.LogAspect           : Result: _fragments :: newblogList
